[20:03:32 INFO] --> Connected
[20:03:43 INFO] Human bot playing: Terran
[20:03:43 INFO] --------------------------------------
[20:03:43 INFO] Map: Cactus Valley LE (Void)
[20:03:43 INFO] --------------------------------------
[20:03:47 INFO] [Action] AbilityID: 524
[20:03:55 INFO] [Action] AbilityID: 524
[20:03:57 INFO] [Action] AbilityID: 524
[20:03:57 INFO] [Action] AbilityID: 524
[20:04:05 INFO] [Action] AbilityID: 524
[20:04:08 INFO] [Action] AbilityID: 319
[20:04:08 INFO] --> Location: 161/38
[20:04:20 INFO] [Action] AbilityID: 320
[20:04:22 INFO] [Action] AbilityID: 524
[20:04:26 INFO] [Action] AbilityID: 319
[20:04:26 INFO] --> Location: 165/25
[20:04:29 INFO] [Action] AbilityID: 1
[20:04:33 INFO] [Action] AbilityID: 321
[20:04:33 INFO] --> Location: 149.5/34.5
[20:04:44 INFO] [Action] AbilityID: 1
[20:04:45 INFO] [Action] AbilityID: 1
[20:04:53 INFO] [Action] AbilityID: 321
[20:04:53 INFO] --> Location: 150.5/39.5
[20:05:03 INFO] [Action] AbilityID: 524
[20:05:03 INFO] [Action] AbilityID: 524
[20:05:11 INFO] [Action] AbilityID: 324
[20:05:11 INFO] --> Location: 141.5/31.5
[20:05:12 INFO] [Action] AbilityID: 324
[20:05:12 INFO] --> Location: 138.5/28.5
[20:05:15 INFO] [Action] AbilityID: 324
[20:05:15 INFO] --> Location: 141.5/28.5
[20:05:23 INFO] [Action] AbilityID: 321
[20:05:23 INFO] --> Location: 149.5/29.5
[20:05:24 INFO] [Action] AbilityID: 321
[20:05:24 INFO] --> Location: 153.5/35.5
[20:05:25 INFO] [Action] AbilityID: 321
[20:05:25 INFO] --> Location: 151.5/24.5
[20:05:39 INFO] [Action] AbilityID: 1
[20:05:40 INFO] [Action] AbilityID: 1
[20:05:42 INFO] [Action] AbilityID: 1
[20:05:47 INFO] [Action] AbilityID: 560
[20:05:47 INFO] [Action] AbilityID: 560
[20:05:47 INFO] [Action] AbilityID: 560
[20:05:47 INFO] [Action] AbilityID: 560
[20:05:48 INFO] [Action] AbilityID: 560
[20:05:49 INFO] [Action] AbilityID: 560
[20:05:49 INFO] [Action] AbilityID: 560
[20:05:49 INFO] [Action] AbilityID: 560
[20:05:50 INFO] [Action] AbilityID: 560
[20:05:50 INFO] [Action] AbilityID: 560
[20:05:57 INFO] [Action] AbilityID: 1
[20:05:57 INFO] --> Location: 145.7219/26.88696
[20:05:58 INFO] [Action] AbilityID: 1
[20:05:58 INFO] --> Location: 143.6995/34.73999
[20:06:00 INFO] [Action] AbilityID: 1
[20:06:01 INFO] [Action] AbilityID: 410
[20:06:02 INFO] [Action] AbilityID: 1
[20:06:02 INFO] --> Location: 147.134/27.09644
[20:06:07 INFO] [Action] AbilityID: 322
[20:06:07 INFO] --> Location: 146.5/39.5
[20:06:11 INFO] [Action] AbilityID: 1
[20:06:11 INFO] --> Location: 146.3943/30.89063
[20:06:12 INFO] [Action] AbilityID: 1
[20:06:12 INFO] --> Location: 144.7625/30.51001
[20:06:12 INFO] [Action] AbilityID: 1
[20:06:14 INFO] [Action] AbilityID: 421
[20:06:18 INFO] [Action] AbilityID: 1
[20:06:19 INFO] [Action] AbilityID: 1
[20:06:19 INFO] --> Location: 144.2002/29.57251
[20:06:20 INFO] [Action] AbilityID: 1
[20:06:20 INFO] --> Location: 144.5212/30.41772
[20:06:20 INFO] [Action] AbilityID: 1
[20:06:20 INFO] --> Location: 143.7351/27.57544
[20:06:29 INFO] [Action] AbilityID: 1
[20:06:30 INFO] [Action] AbilityID: 410
[20:06:33 INFO] [Action] AbilityID: 1
[20:06:33 INFO] --> Location: 146.2373/27.71289
[20:06:39 INFO] [Action] AbilityID: 328
[20:06:39 INFO] --> Location: 156.5/41.5
[20:06:41 INFO] [Action] AbilityID: 652
[20:06:42 INFO] [Action] AbilityID: 656
[20:06:57 INFO] [Action] AbilityID: 422
[20:06:57 INFO] --> Location: 149.5/33.5
[20:06:59 INFO] [Action] AbilityID: 1
[20:06:59 INFO] --> Location: 143.738/36.08228
[20:07:00 INFO] [Action] AbilityID: 1
[20:07:06 INFO] [Action] AbilityID: 560
[20:07:06 INFO] [Action] AbilityID: 560
[20:07:06 INFO] [Action] AbilityID: 560
[20:07:06 INFO] [Action] AbilityID: 560
[20:07:12 INFO] [Action] AbilityID: 319
[20:07:12 INFO] --> Location: 162/24
[20:07:13 INFO] [Action] AbilityID: 319
[20:07:13 INFO] --> Location: 167/28
[20:07:13 INFO] [Action] AbilityID: 319
[20:07:13 INFO] --> Location: 169/31
[20:07:14 INFO] [Action] AbilityID: 319
[20:07:14 INFO] --> Location: 168/36
[20:07:29 INFO] [Action] AbilityID: 1
[20:07:29 INFO] [Action] AbilityID: 1
[20:07:31 INFO] [Action] AbilityID: 1
[20:07:31 INFO] --> Location: 143.2739/30.2793
[20:07:31 INFO] [Action] AbilityID: 1
[20:07:31 INFO] --> Location: 143.5471/29.95557
[20:07:33 INFO] [Action] AbilityID: 560
[20:07:33 INFO] [Action] AbilityID: 560
[20:07:34 INFO] [Action] AbilityID: 560
[20:07:34 INFO] [Action] AbilityID: 560
[20:07:34 INFO] [Action] AbilityID: 560
[20:07:34 INFO] [Action] AbilityID: 560
[20:07:34 INFO] [Action] AbilityID: 560
[20:07:34 INFO] [Action] AbilityID: 560
[20:07:36 INFO] [Action] AbilityID: 563
[20:07:36 INFO] [Action] AbilityID: 563
[20:07:36 INFO] [Action] AbilityID: 563
[20:07:36 INFO] [Action] AbilityID: 563
[20:07:38 INFO] [Action] AbilityID: 560
[20:07:38 INFO] [Action] AbilityID: 560
[20:07:38 INFO] [Action] AbilityID: 560
[20:07:39 INFO] [Action] AbilityID: 560
[20:07:40 INFO] [Action] AbilityID: 560
[20:07:42 INFO] [Action] AbilityID: 1
[20:07:42 INFO] --> Location: 137.8638/32.35498
[20:07:42 INFO] [Action] AbilityID: 1
[20:07:42 INFO] --> Location: 138.4812/30.76294
[20:07:43 INFO] [Action] AbilityID: 1
[20:07:43 INFO] --> Location: 139.0266/29.09229
[20:07:44 INFO] [Action] AbilityID: 1
[20:07:44 INFO] --> Location: 135.9492/33.68579
[20:07:44 INFO] [Action] AbilityID: 1
[20:07:44 INFO] [Action] AbilityID: 1
[20:07:44 INFO] --> Location: 134.8706/36.2019
[20:07:45 INFO] [Action] AbilityID: 4
[20:07:47 INFO] [Action] AbilityID: 1
[20:07:47 INFO] --> Location: 130.8997/38.23779
[20:07:48 INFO] [Action] AbilityID: 1
[20:07:48 INFO] --> Location: 129.8396/39.64307
[20:07:50 INFO] [Action] AbilityID: 1
[20:07:50 INFO] --> Location: 112.3472/54.46338
[20:07:50 INFO] [Action] AbilityID: 1
[20:07:50 INFO] --> Location: 112.0359/55.73169
[20:07:50 INFO] [Action] AbilityID: 1
[20:07:50 INFO] --> Location: 109.8562/55.73169
[20:07:50 INFO] [Action] AbilityID: 1
[20:07:50 INFO] --> Location: 107.0537/56.68286
[20:07:51 INFO] [Action] AbilityID: 1
[20:07:51 INFO] --> Location: 104.2515/61.43896
[20:07:51 INFO] [Action] AbilityID: 1
[20:07:51 INFO] --> Location: 98.33521/62.70728
[20:07:51 INFO] [Action] AbilityID: 1
[20:07:51 INFO] --> Location: 98.02393/63.02417
[20:07:51 INFO] [Action] AbilityID: 1
[20:07:51 INFO] --> Location: 98.02393/63.02417
[20:07:52 INFO] [Action] AbilityID: 1
[20:07:52 INFO] --> Location: 96.46704/66.19507
[20:07:52 INFO] [Action] AbilityID: 1
[20:07:52 INFO] --> Location: 93.97583/68.09741
[20:07:52 INFO] [Action] AbilityID: 1
[20:07:52 INFO] --> Location: 93.35327/68.73169
[20:07:52 INFO] [Action] AbilityID: 1
[20:07:52 INFO] --> Location: 93.04175/68.73169
[20:07:53 INFO] [Action] AbilityID: 1
[20:07:53 INFO] --> Location: 88.9939/74.43896
[20:07:53 INFO] [Action] AbilityID: 1
[20:07:53 INFO] --> Location: 88.05981/74.43896
[20:07:53 INFO] [Action] AbilityID: 1
[20:07:53 INFO] --> Location: 84.63452/75.39014
[20:07:54 INFO] [Action] AbilityID: 1
[20:07:54 INFO] --> Location: 82.14355/76.02417
[20:07:54 INFO] [Action] AbilityID: 1
[20:07:54 INFO] --> Location: 78.40698/76.65845
[20:07:55 INFO] [Action] AbilityID: 1
[20:07:55 INFO] --> Location: 87.12573/73.80469
[20:07:55 INFO] [Action] AbilityID: 1
[20:07:55 INFO] --> Location: 87.12573/78.56079
[20:07:55 INFO] [Action] AbilityID: 1
[20:07:55 INFO] --> Location: 64.39502/119.4634
[20:07:56 INFO] [Action] AbilityID: 1
[20:07:56 INFO] --> Location: 64.08374/119.4634
[20:07:56 INFO] [Action] AbilityID: 1
[20:07:56 INFO] --> Location: 64.08374/114.3901
[20:07:57 INFO] [Action] AbilityID: 1
[20:07:57 INFO] --> Location: 84.01196/78.56079
[20:07:58 INFO] [Action] AbilityID: 1
[20:07:58 INFO] --> Location: 96.46704/91.2439
[20:07:58 INFO] [Action] AbilityID: 1
[20:07:58 INFO] --> Location: 96.15552/94.09741
[20:07:58 INFO] [Action] AbilityID: 1
[20:07:58 INFO] --> Location: 95.84424/94.09741
[20:08:02 INFO] [Action] AbilityID: 560
[20:08:02 INFO] [Action] AbilityID: 560
[20:08:02 INFO] [Action] AbilityID: 560
[20:08:06 INFO] [Action] AbilityID: 560
[20:08:06 INFO] [Action] AbilityID: 560
[20:08:06 INFO] [Action] AbilityID: 560
[20:08:09 INFO] [Action] AbilityID: 595
[20:08:09 INFO] [Action] AbilityID: 595
[20:08:09 INFO] [Action] AbilityID: 595
[20:08:11 INFO] [Action] AbilityID: 1
[20:08:11 INFO] --> Location: 146.0801/33.14087
[20:08:14 INFO] [Action] AbilityID: 1
[20:08:14 INFO] --> Location: 145.26/28.85498
[20:08:15 INFO] [Action] AbilityID: 1
[20:08:15 INFO] --> Location: 138.9258/31.73926
[20:08:16 INFO] [Action] AbilityID: 1
[20:08:16 INFO] --> Location: 137.5964/32.19995
[20:08:16 INFO] [Action] AbilityID: 1
[20:08:16 INFO] --> Location: 102.0718/96.63403
[20:08:16 INFO] [Action] AbilityID: 1
[20:08:16 INFO] --> Location: 98.64648/96.31689
[20:08:17 INFO] [Action] AbilityID: 1
[20:08:17 INFO] --> Location: 97.7124/94.41455
[20:08:18 INFO] [Action] AbilityID: 1
[20:08:18 INFO] --> Location: 96.77832/94.09741
[20:08:23 INFO] [Action] AbilityID: 422
[20:08:25 INFO] [Action] AbilityID: 730
[20:08:28 INFO] [Action] AbilityID: 1
[20:08:28 INFO] --> Location: 93.7605/92.66406
[20:08:28 INFO] [Action] AbilityID: 1
[20:08:28 INFO] --> Location: 105.4968/73.17065
[20:08:29 INFO] [Action] AbilityID: 1
[20:08:29 INFO] --> Location: 99.21533/78.22729
[20:08:35 INFO] [Action] AbilityID: 1
[20:08:35 INFO] --> Location: 95.86206/85.4856
[20:08:36 INFO] [Action] AbilityID: 1
[20:08:36 INFO] --> Location: 97.56177/83.25244
[20:08:36 INFO] [Action] AbilityID: 1
[20:08:36 INFO] --> Location: 97.91675/81.43701
[20:08:36 INFO] [Action] AbilityID: 1
[20:08:36 INFO] --> Location: 98.25806/80.36426
[20:08:38 INFO] [Action] AbilityID: 1
[20:08:38 INFO] --> Location: 89.2439/78.59961
[20:08:39 INFO] [Action] AbilityID: 1
[20:08:39 INFO] --> Location: 50.38306/33.53638
[20:08:39 INFO] [Action] AbilityID: 1
[20:08:39 INFO] --> Location: 40.41895/38.29248
[20:08:39 INFO] [Action] AbilityID: 1
[20:08:39 INFO] --> Location: 35.43701/34.48779
[20:08:40 INFO] [Action] AbilityID: 1
[20:08:40 INFO] --> Location: 36.68262/34.48779
[20:08:44 INFO] [Action] AbilityID: 1516
[20:08:47 INFO] [Action] AbilityID: 319
[20:08:48 INFO] --> Location: 147/25
[20:08:49 INFO] [Action] AbilityID: 319
[20:08:49 INFO] --> Location: 141/32
[20:08:49 INFO] [Action] AbilityID: 319
[20:08:49 INFO] --> Location: 143/34
[20:08:50 INFO] [Action] AbilityID: 319
[20:08:50 INFO] --> Location: 144/37
[20:08:50 INFO] [Action] AbilityID: 319
[20:08:50 INFO] --> Location: 142/38
[20:08:54 INFO] [Action] AbilityID: 1
[20:08:55 INFO] [Action] AbilityID: 1
[20:09:00 INFO] [Action] AbilityID: 1
[20:09:06 INFO] [Action] AbilityID: 1
[20:09:06 INFO] --> Location: 139.4556/32.56445
[20:09:06 INFO] [Action] AbilityID: 1
[20:09:06 INFO] --> Location: 138.7295/32.02197
[20:09:06 INFO] [Action] AbilityID: 1
[20:09:06 INFO] --> Location: 138.2615/31.71143
[20:09:07 INFO] [Action] AbilityID: 1
[20:09:07 INFO] --> Location: 137.6348/32.44629
[20:09:07 INFO] [Action] AbilityID: 1
[20:09:07 INFO] [Action] AbilityID: 1
[20:09:07 INFO] --> Location: 136.4907/33.37256
[20:09:07 INFO] [Action] AbilityID: 1
[20:09:08 INFO] [Action] AbilityID: 1
[20:09:08 INFO] --> Location: 135.5642/34.2937
[20:09:08 INFO] [Action] AbilityID: 1
[20:09:09 INFO] [Action] AbilityID: 1
[20:09:11 INFO] [Action] AbilityID: 1
[20:09:13 INFO] [Action] AbilityID: 1
[20:09:13 INFO] --> Location: 131.4536/38.0769
[20:09:14 INFO] [Action] AbilityID: 1
[20:09:14 INFO] --> Location: 131.8308/38.31274
[20:09:14 INFO] [Action] AbilityID: 1
[20:09:14 INFO] --> Location: 131.8398/38.37866
[20:09:14 INFO] [Action] AbilityID: 1
[20:09:16 INFO] [Action] AbilityID: 1
[20:09:16 INFO] --> Location: 43.22144/164.8047
[20:09:17 INFO] [Action] AbilityID: 1
[20:09:17 INFO] --> Location: 36.68262/153.073
[20:09:17 INFO] [Action] AbilityID: 1
[20:09:17 INFO] --> Location: 36.68262/152.7561
[20:09:17 INFO] [Action] AbilityID: 1
[20:09:17 INFO] --> Location: 36.68262/152.1218
[20:09:22 INFO] [Action] AbilityID: 1
[20:09:22 INFO] --> Location: 64.70654/144.8291
[20:09:22 INFO] [Action] AbilityID: 1
[20:09:22 INFO] --> Location: 57.54468/123.9023
[20:09:22 INFO] [Action] AbilityID: 1
[20:09:22 INFO] --> Location: 57.2334/128.9756
[20:09:22 INFO] [Action] AbilityID: 1
[20:09:23 INFO] --> Location: 71.86816/150.8535
[20:09:23 INFO] [Action] AbilityID: 1
[20:09:23 INFO] --> Location: 70.62256/153.3901
[20:09:23 INFO] [Action] AbilityID: 1
[20:09:23 INFO] --> Location: 67.82031/156.5608
[20:09:24 INFO] [Action] AbilityID: 1
[20:09:24 INFO] --> Location: 67.50879/156.5608
[20:09:26 INFO] [Action] AbilityID: 4
[20:09:27 INFO] [Action] AbilityID: 1
[20:09:32 INFO] [Action] AbilityID: 1
[20:09:32 INFO] --> Location: 124.2708/43.77197
[20:09:34 INFO] [Action] AbilityID: 1
[20:09:34 INFO] --> Location: 69.3772/138.1707
[20:09:34 INFO] [Action] AbilityID: 1
[20:09:34 INFO] --> Location: 59.41309/148.634
[20:09:35 INFO] [Action] AbilityID: 1
[20:09:35 INFO] --> Location: 102.0718/154.3413
[20:09:35 INFO] [Action] AbilityID: 1
[20:09:35 INFO] --> Location: 157.8083/142.6096
[20:09:35 INFO] [Action] AbilityID: 1
[20:09:35 INFO] --> Location: 155.0059/150.5364
[20:09:35 INFO] [Action] AbilityID: 1
[20:09:35 INFO] --> Location: 154.6946/150.5364
[20:09:40 INFO] [Action] AbilityID: 560
[20:09:41 INFO] [Action] AbilityID: 560
[20:09:41 INFO] [Action] AbilityID: 560
[20:09:42 INFO] [Action] AbilityID: 560
[20:09:42 INFO] [Action] AbilityID: 560
[20:09:42 INFO] [Action] AbilityID: 560
[20:09:44 INFO] [Action] AbilityID: 560
[20:09:44 INFO] [Action] AbilityID: 560
[20:09:44 INFO] [Action] AbilityID: 560
[20:09:44 INFO] [Action] AbilityID: 560
[20:09:46 INFO] [Action] AbilityID: 560
[20:09:46 INFO] [Action] AbilityID: 560
[20:09:46 INFO] [Action] AbilityID: 560
[20:09:46 INFO] [Action] AbilityID: 560
[20:09:49 INFO] [Action] AbilityID: 1
[20:09:49 INFO] [Action] AbilityID: 1
[20:09:49 INFO] --> Location: 160.2625/140.583
[20:09:49 INFO] [Action] AbilityID: 1
[20:09:49 INFO] --> Location: 160.1516/140.6567
[20:09:50 INFO] [Action] AbilityID: 1
[20:09:50 INFO] --> Location: 160.1528/138.9285
[20:09:50 INFO] [Action] AbilityID: 1
[20:09:50 INFO] --> Location: 159.9436/138.585
[20:10:00 INFO] [Action] AbilityID: 1
[20:10:02 INFO] [Action] AbilityID: 1
[20:10:02 INFO] [Action] AbilityID: 1
[20:10:02 INFO] --> Location: 163.6941/141.7366
[20:10:03 INFO] [Action] AbilityID: 1
[20:10:03 INFO] --> Location: 164.4734/141.3789
[20:10:03 INFO] [Action] AbilityID: 1
[20:10:04 INFO] [Action] AbilityID: 1
[20:10:05 INFO] [Action] AbilityID: 1
[20:10:05 INFO] --> Location: 161.2109/145.2917
[20:10:05 INFO] [Action] AbilityID: 1
[20:10:05 INFO] --> Location: 160.1833/146.2871
[20:10:06 INFO] [Action] AbilityID: 1
[20:10:06 INFO] --> Location: 157.5894/148.0913
[20:10:12 INFO] [Action] AbilityID: 380
[20:10:19 INFO] [Action] AbilityID: 1
[20:10:20 INFO] [Action] AbilityID: 4
[20:11:04 INFO] System.AggregateException: One or more errors occurred. ---> System.Net.WebSockets.WebSocketException: An internal WebSocket error occurred. Please see the innerException, if present, for more details.  ---> System.Net.Sockets.SocketException: An existing connection was forcibly closed by the remote host
   at System.Runtime.CompilerServices.TaskAwaiter.ThrowForNonSuccess(Task task)
   at System.Runtime.CompilerServices.TaskAwaiter.HandleNonSuccessAndDebuggerNotification(Task task)
   at System.Net.WebSockets.WebSocketConnectionStream.<ReadAsync>d__21.MoveNext()
--- End of stack trace from previous location where exception was thrown ---
   at System.Runtime.CompilerServices.TaskAwaiter.ThrowForNonSuccess(Task task)
   at System.Runtime.CompilerServices.TaskAwaiter.HandleNonSuccessAndDebuggerNotification(Task task)
   at System.Runtime.CompilerServices.TaskAwaiter.ValidateEnd(Task task)
   at System.Net.WebSockets.WebSocketBase.WebSocketOperation.<Process>d__19.MoveNext()
--- End of stack trace from previous location where exception was thrown ---
   at System.Runtime.CompilerServices.TaskAwaiter.ThrowForNonSuccess(Task task)
   at System.Runtime.CompilerServices.TaskAwaiter.HandleNonSuccessAndDebuggerNotification(Task task)
   at System.Net.WebSockets.WebSocketBase.<ReceiveAsyncCore>d__45.MoveNext()
   --- End of inner exception stack trace ---
   at System.Net.WebSockets.WebSocketBase.ThrowIfConvertibleException(String methodName, Exception exception, CancellationToken cancellationToken, Boolean aborted)
   at System.Net.WebSockets.WebSocketBase.<ReceiveAsyncCore>d__45.MoveNext()
--- End of stack trace from previous location where exception was thrown ---
   at System.Runtime.CompilerServices.TaskAwaiter.ThrowForNonSuccess(Task task)
   at System.Runtime.CompilerServices.TaskAwaiter.HandleNonSuccessAndDebuggerNotification(Task task)
   at Bot.ProtobufProxy.<ReadMessage>d__7.MoveNext()
--- End of stack trace from previous location where exception was thrown ---
   at System.Runtime.CompilerServices.TaskAwaiter.ThrowForNonSuccess(Task task)
   at System.Runtime.CompilerServices.TaskAwaiter.HandleNonSuccessAndDebuggerNotification(Task task)
   at Bot.ProtobufProxy.<SendRequest>d__4.MoveNext()
--- End of stack trace from previous location where exception was thrown ---
   at System.Runtime.CompilerServices.TaskAwaiter.ThrowForNonSuccess(Task task)
   at System.Runtime.CompilerServices.TaskAwaiter.HandleNonSuccessAndDebuggerNotification(Task task)
   at Bot.GameConnection.<Run>d__17.MoveNext()
--- End of stack trace from previous location where exception was thrown ---
   at System.Runtime.CompilerServices.TaskAwaiter.ThrowForNonSuccess(Task task)
   at System.Runtime.CompilerServices.TaskAwaiter.HandleNonSuccessAndDebuggerNotification(Task task)
   at Bot.GameConnection.<RunLadder>d__19.MoveNext()
--- End of stack trace from previous location where exception was thrown ---
   at System.Runtime.CompilerServices.TaskAwaiter.ThrowForNonSuccess(Task task)
   at System.Runtime.CompilerServices.TaskAwaiter.HandleNonSuccessAndDebuggerNotification(Task task)
   at Bot.GameConnection.<RunLadder>d__20.MoveNext()
   --- End of inner exception stack trace ---
   at System.Threading.Tasks.Task.ThrowIfExceptional(Boolean includeTaskCanceledExceptions)
   at System.Threading.Tasks.Task.Wait(Int32 millisecondsTimeout, CancellationToken cancellationToken)
   at Bot.Program.Main(String[] args)
---> (Inner Exception #0) System.Net.WebSockets.WebSocketException (0x80004005): An internal WebSocket error occurred. Please see the innerException, if present, for more details.  ---> System.Net.Sockets.SocketException (0x80004005): An existing connection was forcibly closed by the remote host
   at System.Runtime.CompilerServices.TaskAwaiter.ThrowForNonSuccess(Task task)
   at System.Runtime.CompilerServices.TaskAwaiter.HandleNonSuccessAndDebuggerNotification(Task task)
   at System.Net.WebSockets.WebSocketConnectionStream.<ReadAsync>d__21.MoveNext()
--- End of stack trace from previous location where exception was thrown ---
   at System.Runtime.CompilerServices.TaskAwaiter.ThrowForNonSuccess(Task task)
   at System.Runtime.CompilerServices.TaskAwaiter.HandleNonSuccessAndDebuggerNotification(Task task)
   at System.Runtime.CompilerServices.TaskAwaiter.ValidateEnd(Task task)
   at System.Net.WebSockets.WebSocketBase.WebSocketOperation.<Process>d__19.MoveNext()
--- End of stack trace from previous location where exception was thrown ---
   at System.Runtime.CompilerServices.TaskAwaiter.ThrowForNonSuccess(Task task)
   at System.Runtime.CompilerServices.TaskAwaiter.HandleNonSuccessAndDebuggerNotification(Task task)
   at System.Net.WebSockets.WebSocketBase.<ReceiveAsyncCore>d__45.MoveNext()
   at System.Net.WebSockets.WebSocketBase.ThrowIfConvertibleException(String methodName, Exception exception, CancellationToken cancellationToken, Boolean aborted)
   at System.Net.WebSockets.WebSocketBase.<ReceiveAsyncCore>d__45.MoveNext()
--- End of stack trace from previous location where exception was thrown ---
   at System.Runtime.CompilerServices.TaskAwaiter.ThrowForNonSuccess(Task task)
   at System.Runtime.CompilerServices.TaskAwaiter.HandleNonSuccessAndDebuggerNotification(Task task)
   at Bot.ProtobufProxy.<ReadMessage>d__7.MoveNext()
--- End of stack trace from previous location where exception was thrown ---
   at System.Runtime.CompilerServices.TaskAwaiter.ThrowForNonSuccess(Task task)
   at System.Runtime.CompilerServices.TaskAwaiter.HandleNonSuccessAndDebuggerNotification(Task task)
   at Bot.ProtobufProxy.<SendRequest>d__4.MoveNext()
--- End of stack trace from previous location where exception was thrown ---
   at System.Runtime.CompilerServices.TaskAwaiter.ThrowForNonSuccess(Task task)
   at System.Runtime.CompilerServices.TaskAwaiter.HandleNonSuccessAndDebuggerNotification(Task task)
   at Bot.GameConnection.<Run>d__17.MoveNext()
--- End of stack trace from previous location where exception was thrown ---
   at System.Runtime.CompilerServices.TaskAwaiter.ThrowForNonSuccess(Task task)
   at System.Runtime.CompilerServices.TaskAwaiter.HandleNonSuccessAndDebuggerNotification(Task task)
   at Bot.GameConnection.<RunLadder>d__19.MoveNext()
--- End of stack trace from previous location where exception was thrown ---
   at System.Runtime.CompilerServices.TaskAwaiter.ThrowForNonSuccess(Task task)
   at System.Runtime.CompilerServices.TaskAwaiter.HandleNonSuccessAndDebuggerNotification(Task task)
   at Bot.GameConnection.<RunLadder>d__20.MoveNext()<---

[20:11:04 INFO] Terminated.
